<?xml version="1.0" encoding="UTF-8"?>
<!-- Generated by org.testng.reporters.JUnitReportReporter -->
<testsuite hostname="DESKTOP-BRJ46B7" failures="0" tests="4" name="api.test.ReqresTest2" time="9.215" errors="0" timestamp="2023-08-13T20:23:37 IST" skipped="0">
  <testcase classname="api.test.ReqresTest2" name="testPostUser" time="7.347"/>
  <system-out/>
  <testcase classname="api.test.ReqresTest2" name="testGetUserById" time="0.619"/>
  <system-out/>
  <testcase classname="api.test.ReqresTest2" name="testupdateUserById" time="0.661"/>
  <system-out/>
  <testcase classname="api.test.ReqresTest2" name="testDeleteUserById" time="0.588"/>
  <system-out/>
</testsuite> <!-- api.test.ReqresTest2 -->
