<?xml version="1.0" encoding="UTF-8"?>
<!-- Generated by org.testng.reporters.JUnitReportReporter -->
<testsuite hostname="DESKTOP-BRJ46B7" failures="0" tests="4" name="api.test.ReqresTest" time="9.208" errors="0" timestamp="2023-08-13T12:57:39 IST" skipped="0">
  <testcase classname="api.test.ReqresTest" name="testPostUser" time="7.140"/>
  <system-out/>
  <testcase classname="api.test.ReqresTest" name="testGetUserById" time="0.909"/>
  <system-out/>
  <testcase classname="api.test.ReqresTest" name="testupdateUserById" time="0.594"/>
  <system-out/>
  <testcase classname="api.test.ReqresTest" name="testDeleteUserById" time="0.565"/>
  <system-out/>
</testsuite> <!-- api.test.ReqresTest -->
