<?xml version="1.0" encoding="UTF-8"?>
<!-- Generated by org.testng.reporters.JUnitReportReporter -->
<testsuite hostname="DESKTOP-BRJ46B7" failures="0" tests="10" name="api.test.DataDrivenTests" time="16.049" errors="0" timestamp="2023-08-13T14:54:51 IST" skipped="0">
  <testcase classname="api.test.DataDrivenTests" name="testPostuser" time="0.688"/>
  <system-out/>
  <testcase classname="api.test.DataDrivenTests" name="testPostuser" time="0.705"/>
  <system-out/>
  <testcase classname="api.test.DataDrivenTests" name="testPostuser" time="0.567"/>
  <system-out/>
  <testcase classname="api.test.DataDrivenTests" name="testPostuser" time="10.145"/>
  <system-out/>
  <testcase classname="api.test.DataDrivenTests" name="testPostuser" time="0.677"/>
  <system-out/>
  <testcase classname="api.test.DataDrivenTests" name="testPostuser" time="0.585"/>
  <system-out/>
  <testcase classname="api.test.DataDrivenTests" name="testPostuser" time="0.779"/>
  <system-out/>
  <testcase classname="api.test.DataDrivenTests" name="testPostuser" time="0.595"/>
  <system-out/>
  <testcase classname="api.test.DataDrivenTests" name="testPostuser" time="0.627"/>
  <system-out/>
  <testcase classname="api.test.DataDrivenTests" name="testPostuser" time="0.681"/>
  <system-out/>
</testsuite> <!-- api.test.DataDrivenTests -->
