<?xml version="1.0" encoding="UTF-8"?>
<!-- Generated by org.testng.reporters.JUnitReportReporter -->
<testsuite hostname="DESKTOP-BRJ46B7" failures="0" tests="4" name="api.test.ReqresTest2" time="9.653" errors="0" timestamp="2023-08-14T18:22:01 IST" skipped="0">
  <testcase classname="api.test.ReqresTest2" name="testPostUser" time="7.774"/>
  <system-out/>
  <testcase classname="api.test.ReqresTest2" name="testGetUserById" time="0.638"/>
  <system-out/>
  <testcase classname="api.test.ReqresTest2" name="testupdateUserById" time="0.522"/>
  <system-out/>
  <testcase classname="api.test.ReqresTest2" name="testDeleteUserById" time="0.719"/>
  <system-out/>
</testsuite> <!-- api.test.ReqresTest2 -->
